<?xml version="1.0" encoding="UTF-8"?>
<!-- Generated by org.testng.reporters.JUnitReportReporter -->
<testsuite skipped="0" hostname="DESKTOP-IAHLSLS" name="restAssuredAPI_Phase3.EndToEndTest" tests="1" failures="0" timestamp="15 Dec 2022 17:21:36 GMT" time="18.709" errors="0">
  <testcase name="E2ETest" time="18.709" classname="restAssuredAPI_Phase3.EndToEndTest"/>
</testsuite> <!-- restAssuredAPI_Phase3.EndToEndTest -->
